<?xml version="1.0" encoding="UTF-8"?>
<testsuite xmlns:xsi="http://www.w3.org/2001/XMLSchema-instance" xsi:noNamespaceSchemaLocation="https://maven.apache.org/surefire/maven-surefire-plugin/xsd/surefire-test-report-3.0.xsd" version="3.0" name="Runner.runnerTest" time="46.467" tests="1" errors="0" skipped="0" failures="1">
  <properties>
[...]
</properties>
  <testcase name="Validate Pizzahut pizza order flow" classname="ordering food items in pizzahut website" time="42.307">
    <failure message="Checkout item count" type="java.lang.AssertionError"><![CDATA[java.lang.AssertionError: Checkout item count
	at org.junit.Assert.fail(Assert.java:89)
	at org.junit.Assert.assertTrue(Assert.java:42)
	at StepDefinitions.orderTests.countas2(orderTests.java:131)
	at ✽.User see 2 items are showing under checkout button(file:///C:/Users/vigne/eclipse-workspace/PizzahutCucumber/src/test/resources/Features/order.feature:19)
]]></failure>
    <system-out><![CDATA[
Scenario Outline: Validate Pizzahut pizza order flow                        # src/test/resources/Features/order.feature:29
  Given User launch Pizzahut application with "https://www.pizzahut.co.in/" # StepDefinitions.orderTests.launchURL(java.lang.String)
  And User see pop up for delivery asking for enter location                # StepDefinitions.orderTests.location()
  Then User type address as "lulu mall"                                     # StepDefinitions.orderTests.screen(java.lang.String)
  And User select first auto populate drop down option                      # StepDefinitions.orderTests.autopopulate()
  When User navigate to details page                                        # StepDefinitions.orderTests.detailspage()
  Then User validate vegetarian radio button flag is off                    # StepDefinitions.orderTests.vegetarianoff()
  And User clicks on Pizzas menu bar option                                 # StepDefinitions.orderTests.clickPizza()
  When User select add button of any pizza from Recommended                 # StepDefinitions.orderTests.addPizza()
  Then User see that the pizza is getting added under Your Basket           # StepDefinitions.orderTests.verifybasket()
  And User validate pizza price plus Tax is checkout price                  # StepDefinitions.orderTests.checkoutprice()
  Then User validate checkout button contains Item count                    # StepDefinitions.orderTests.validatecount()
  And User validate checkout button contains total price count              # StepDefinitions.orderTests.checkoutpricecount()
  Then User clicks on Drinks option                                         # StepDefinitions.orderTests.clickDrinks()
  And User select Pepsi option to add into the Basket                       # StepDefinitions.orderTests.selectpepsi()
  Then User see 2 items are showing under checkout button                   # StepDefinitions.orderTests.countas2()
      java.lang.AssertionError: Checkout item count
	at org.junit.Assert.fail(Assert.java:89)
	at org.junit.Assert.assertTrue(Assert.java:42)
	at StepDefinitions.orderTests.countas2(orderTests.java:131)
	at âœ½.User see 2 items are showing under checkout button(file:///C:/Users/vigne/eclipse-workspace/PizzahutCucumber/src/test/resources/Features/order.feature:19)

  And User see total price is now more than before                          # StepDefinitions.orderTests.validatetotalprice()
  Then User remove the Pizza item from Basket                               # StepDefinitions.orderTests.removePizza()
  And see Price tag got removed from the checkout button                    # StepDefinitions.orderTests.pricetagremoved()
  And User see 1 item showing in checkout button                            # StepDefinitions.orderTests.oneitem()
  Then User Clicks on Checkout button                                       # StepDefinitions.orderTests.clickCheckout()
  And User see minimum order required pop up is getting displayed           # StepDefinitions.orderTests.viewpopup()
]]></system-out>
  </testcase>
</testsuite>